[2025-09-09 00:19:10] [ERROR] [BuscadorCidade] - Uso incorreto. Esperado: python API_Main.py 'Nome Local' <CHAVE_API>
[2025-09-09 10:03:42] [ERROR] [BuscadorCidade] - Uso incorreto. Esperado: python API_Main.py 'Nome Local' <CHAVE_API>
[2025-09-09 10:32:54] [ERROR] [BuscadorCidade] - Uso incorreto. Esperado: python API_Main.py 'Nome Local' <CHAVE_API>
[2025-09-09 10:41:21] [ERROR] [BuscadorCidade] - Erro durante execução: name 'BuscadorCidade' is not defined
[2025-09-09 10:41:54] [INFO] [BuscadorClimaCidade] - Iniciando requisição para cidade 'S├úo Paulo - SP'.
[2025-09-09 10:41:55] [INFO] [BuscadorClimaCidade] - Requisição bem-sucedida para cidade 'S├úo Paulo - SP'.
[2025-09-09 10:41:55] [INFO] [BuscadorCidade] - Resultado obtido: {'request': {'type': 'City', 'query': 'S. Vicente De Paulo, Mozambique', 'language': 'en', 'unit': 'm'}, 'location': {'name': 'S. Vicente De Paulo', 'country': 'Mozambique', 'region': 'Maputo', 'lat': '-25.118', 'lon': '32.908', 'timezone_id': 'Africa/Maputo', 'localtime': '2025-09-09 15:42', 'localtime_epoch': 1757432520, 'utc_offset': '2.0'}, 'current': {'observation_time': '01:42 PM', 'temperature': 26, 'weather_code': 113, 'weather_icons': ['https://cdn.worldweatheronline.com/images/wsymbols01_png_64/wsymbol_0001_sunny.png'], 'weather_descriptions': ['Sunny'], 'astro': {'sunrise': '05:51 AM', 'sunset': '05:39 PM', 'moonrise': '07:34 PM', 'moonset': '06:45 AM', 'moon_phase': 'Waning Gibbous', 'moon_illumination': 98}, 'air_quality': {'co': '255.3', 'no2': '0.555', 'o3': '74', 'so2': '1.11', 'pm2_5': '23.865', 'pm10': '31.635', 'us-epa-index': '2', 'gb-defra-index': '2'}, 'wind_speed': 19, 'wind_degree': 126, 'wind_dir': 'SE', 'pressure': 1022, 'precip': 0, 'humidity': 61, 'cloudcover': 25, 'feelslike': 26, 'uv_index': 3, 'visibility': 10, 'is_day': 'yes'}}
[2025-09-09 10:41:55] [INFO] [BuscadorCidade] - Iniciando salvamento do CSV para a cidade: S├úo Paulo - SP
[2025-09-09 10:41:55] [INFO] [BuscadorCidade] - Pasta e arquivo .csv iniciados com sucesso!
[2025-09-09 10:41:55] [INFO] [BuscadorCidade] - Cabeçalho criado no CSV: C:\Users\Jarvis\Desktop\Projetos\Projeto_Btime\API\Dados\ClimaTempo_S├úo Paulo - SP_09_09_2025.csv
[2025-09-09 10:41:55] [INFO] [BuscadorCidade] - CSV salvo com sucesso: C:\Users\Jarvis\Desktop\Projetos\Projeto_Btime\API\Dados\ClimaTempo_S├úo Paulo - SP_09_09_2025.csv
[2025-09-09 10:41:55] [INFO] [BuscadorCidade] - Resultado da busca salvo dentro do diretório: 'Dados'
[2025-09-09 10:43:57] [INFO] [BuscadorClimaCidade] - Iniciando requisição para cidade 'São Paulo - SP'.
[2025-09-09 10:43:58] [INFO] [BuscadorClimaCidade] - Requisição bem-sucedida para cidade 'São Paulo - SP'.
[2025-09-09 10:43:58] [INFO] [BuscadorCidade] - Resultado obtido: {'request': {'type': 'City', 'query': 'Sao Paulo, Brazil', 'language': 'en', 'unit': 'm'}, 'location': {'name': 'Sao Paulo', 'country': 'Brazil', 'region': 'Sao Paulo', 'lat': '-23.533', 'lon': '-46.617', 'timezone_id': 'America/Sao_Paulo', 'localtime': '2025-09-09 10:44', 'localtime_epoch': 1757414640, 'utc_offset': '-3.0'}, 'current': {'observation_time': '01:44 PM', 'temperature': 25, 'weather_code': 113, 'weather_icons': ['https://cdn.worldweatheronline.com/images/wsymbols01_png_64/wsymbol_0001_sunny.png'], 'weather_descriptions': ['Sunny'], 'astro': {'sunrise': '06:09 AM', 'sunset': '05:59 PM', 'moonrise': '08:06 PM', 'moonset': '07:13 AM', 'moon_phase': 'Waning Gibbous', 'moon_illumination': 98}, 'air_quality': {'co': '401.45', 'no2': '6.475', 'o3': '139', 'so2': '4.81', 'pm2_5': '20.905', 'pm10': '21.09', 'us-epa-index': '2', 'gb-defra-index': '2'}, 'wind_speed': 27, 'wind_degree': 303, 'wind_dir': 'WNW', 'pressure': 1019, 'precip': 0, 'humidity': 44, 'cloudcover': 0, 'feelslike': 24, 'uv_index': 6, 'visibility': 10, 'is_day': 'yes'}}
[2025-09-09 10:43:58] [INFO] [BuscadorCidade] - Iniciando salvamento do CSV para a cidade: São Paulo - SP
[2025-09-09 10:43:58] [INFO] [BuscadorCidade] - Pasta e arquivo .csv iniciados com sucesso!
[2025-09-09 10:43:58] [INFO] [BuscadorCidade] - Cabeçalho criado no CSV: C:\Users\Jarvis\Desktop\Projetos\Projeto_Btime\API\Dados\ClimaTempo_São Paulo - SP_09_09_2025.csv
[2025-09-09 10:43:58] [INFO] [BuscadorCidade] - CSV salvo com sucesso: C:\Users\Jarvis\Desktop\Projetos\Projeto_Btime\API\Dados\ClimaTempo_São Paulo - SP_09_09_2025.csv
[2025-09-09 10:43:58] [INFO] [BuscadorCidade] - Resultado da busca salvo dentro do diretório: 'Dados'
